

================================================================
== Vivado HLS Report for 'ConvolutionInputGene_1'
================================================================
* Date:           Sat Apr 25 13:05:01 2020

* Version:        2019.2 (Build 2704478 on Wed Nov 06 22:10:23 MST 2019)
* Project:        cnvW1A1-pynqZ1-Z2
* Solution:       sol1
* Product family: zynq
* Target device:  xc7z020-clg400-1


================================================================
== Performance Estimates
================================================================
+ Timing: 
    * Summary: 
    +--------+---------+----------+------------+
    |  Clock |  Target | Estimated| Uncertainty|
    +--------+---------+----------+------------+
    |ap_clk  | 5.00 ns | 8.095 ns |   0.62 ns  |
    +--------+---------+----------+------------+

+ Latency: 
    * Summary: 
    +---------+---------+----------+----------+-----+-----+---------+
    |  Latency (cycles) |  Latency (absolute) |  Interval | Pipeline|
    |   min   |   max   |    min   |    max   | min | max |   Type  |
    +---------+---------+----------+----------+-----+-----+---------+
    |        ?|        ?|         ?|         ?|    ?|    ?|   none  |
    +---------+---------+----------+----------+-----+-----+---------+

    + Detail: 
        * Instance: 
        N/A

        * Loop: 
        +----------+---------+---------+----------+-----------+-----------+------+----------+
        |          |  Latency (cycles) | Iteration|  Initiation Interval  | Trip |          |
        | Loop Name|   min   |   max   |  Latency |  achieved |   target  | Count| Pipelined|
        +----------+---------+---------+----------+-----------+-----------+------+----------+
        |- Loop 1  |        ?|        ?|         3|          1|          1|     ?|    yes   |
        +----------+---------+---------+----------+-----------+-----------+------+----------+



================================================================
== Utilization Estimates
================================================================
* Summary: 
+-----------------+---------+-------+--------+-------+-----+
|       Name      | BRAM_18K| DSP48E|   FF   |  LUT  | URAM|
+-----------------+---------+-------+--------+-------+-----+
|DSP              |        -|      -|       -|      -|    -|
|Expression       |        -|      -|       0|   1221|    -|
|FIFO             |        -|      -|       -|      -|    -|
|Instance         |        -|      2|    9053|   2698|    -|
|Memory           |        0|      -|     256|     56|    0|
|Multiplexer      |        -|      -|       -|    314|    -|
|Register         |        -|      -|     574|      -|    -|
+-----------------+---------+-------+--------+-------+-----+
|Total            |        0|      2|    9883|   4289|    0|
+-----------------+---------+-------+--------+-------+-----+
|Available        |      280|    220|  106400|  53200|    0|
+-----------------+---------+-------+--------+-------+-----+
|Utilization (%)  |        0|   ~0  |       9|      8|    0|
+-----------------+---------+-------+--------+-------+-----+

+ Detail: 
    * Instance: 
    +---------------------------+----------------------+---------+-------+------+------+-----+
    |          Instance         |        Module        | BRAM_18K| DSP48E|  FF  |  LUT | URAM|
    +---------------------------+----------------------+---------+-------+------+------+-----+
    |BlackBoxJam_mul_3xdS_U192  |BlackBoxJam_mul_3xdS  |        0|      2|   215|     1|    0|
    |BlackBoxJam_mux_4pcA_U193  |BlackBoxJam_mux_4pcA  |        0|      0|  8838|  2697|    0|
    +---------------------------+----------------------+---------+-------+------+------+-----+
    |Total                      |                      |        0|      2|  9053|  2698|    0|
    +---------------------------+----------------------+---------+-------+------+------+-----+

    * DSP48E: 
    N/A

    * Memory: 
    +----------------+----------------------+---------+----+----+-----+------+-----+------+-------------+
    |     Memory     |        Module        | BRAM_18K| FF | LUT| URAM| Words| Bits| Banks| W*Bits*Banks|
    +----------------+----------------------+---------+----+----+-----+------+-----+------+-------------+
    |inputBuf_0_V_U  |ConvolutionInputGtde  |        0|  64|  14|    0|    28|   32|     1|          896|
    |inputBuf_1_V_U  |ConvolutionInputGtde  |        0|  64|  14|    0|    28|   32|     1|          896|
    |inputBuf_2_V_U  |ConvolutionInputGtde  |        0|  64|  14|    0|    28|   32|     1|          896|
    |inputBuf_3_V_U  |ConvolutionInputGtde  |        0|  64|  14|    0|    28|   32|     1|          896|
    +----------------+----------------------+---------+----+----+-----+------+-----+------+-------------+
    |Total           |                      |        0| 256|  56|    0|   112|  128|     4|         3584|
    +----------------+----------------------+---------+----+----+-----+------+-----+------+-------------+

    * FIFO: 
    N/A

    * Expression: 
    +-----------------------------------+----------+-------+---+----+------------+------------+
    |           Variable Name           | Operation| DSP48E| FF| LUT| Bitwidth P0| Bitwidth P1|
    +-----------------------------------+----------+-------+---+----+------------+------------+
    |add_ln104_fu_430_p2                |     +    |      0|  0|  51|          44|           1|
    |add_ln105_fu_739_p2                |     +    |      0|  0|  12|          12|           1|
    |add_ln128_fu_506_p2                |     +    |      0|  0|  38|          31|          31|
    |add_ln129_2_fu_757_p2              |     +    |      0|  0|  16|           1|           2|
    |add_ln163_fu_648_p2                |     +    |      0|  0|  13|           4|           1|
    |count_simd_fu_534_p2               |     +    |      0|  0|  39|           1|          32|
    |counter_internal_blo_20_fu_687_p2  |     +    |      0|  0|  39|          32|           1|
    |current_block_write_27_fu_808_p2   |     +    |      0|  0|  39|          32|           1|
    |current_block_write_fu_852_p2      |     +    |      0|  0|  39|          32|           1|
    |current_line_in_bloc_fu_520_p2     |     +    |      0|  0|  39|          32|          32|
    |grp_fu_368_p2                      |     +    |      0|  0|  39|          32|           1|
    |inp_fu_712_p2                      |     +    |      0|  0|  39|          32|           1|
    |k_x_fu_551_p2                      |     +    |      0|  0|  39|          32|           1|
    |k_y_fu_492_p2                      |     +    |      0|  0|  39|           1|          32|
    |ofm_x_fu_582_p2                    |     +    |      0|  0|  39|          32|           1|
    |ofm_y_fu_602_p2                    |     +    |      0|  0|  39|          32|           1|
    |outElem_V_fu_768_p5                |     +    |      0|  0|  16|           2|           2|
    |read_block_fu_728_p2               |     +    |      0|  0|  39|          32|           1|
    |and_ln153_fu_642_p2                |    and   |      0|  0|   2|           1|           1|
    |ap_block_pp0                       |    and   |      0|  0|   2|           1|           1|
    |ap_block_state9_pp0_stage0_iter2   |    and   |      0|  0|   2|           1|           1|
    |ap_condition_426                   |    and   |      0|  0|   2|           1|           1|
    |ap_condition_438                   |    and   |      0|  0|   2|           1|           1|
    |ap_condition_449                   |    and   |      0|  0|   2|           1|           1|
    |ap_condition_460                   |    and   |      0|  0|   2|           1|           1|
    |ap_condition_59                    |    and   |      0|  0|   2|           1|           1|
    |ap_enable_state7_pp0_iter0_stage0  |    and   |      0|  0|   2|           1|           1|
    |ap_enable_state8_pp0_iter1_stage0  |    and   |      0|  0|   2|           1|           1|
    |ap_predicate_op167_load_state8     |    and   |      0|  0|   2|           1|           1|
    |ap_predicate_op177_read_state8     |    and   |      0|  0|   2|           1|           1|
    |ap_predicate_op212_store_state8    |    and   |      0|  0|   2|           1|           1|
    |ap_predicate_op214_store_state8    |    and   |      0|  0|   2|           1|           1|
    |ap_predicate_op216_store_state8    |    and   |      0|  0|   2|           1|           1|
    |ap_predicate_op218_store_state8    |    and   |      0|  0|   2|           1|           1|
    |ap_predicate_op226_write_state9    |    and   |      0|  0|   2|           1|           1|
    |ap_predicate_op79_load_state7      |    and   |      0|  0|   2|           1|           1|
    |icmp_ln104_fu_425_p2               |   icmp   |      0|  0|  24|          44|          44|
    |icmp_ln105_fu_442_p2               |   icmp   |      0|  0|  13|          12|          12|
    |icmp_ln107_fu_461_p2               |   icmp   |      0|  0|  18|          32|           7|
    |icmp_ln113_fu_380_p2               |   icmp   |      0|  0|  18|          32|           5|
    |icmp_ln116_fu_858_p2               |   icmp   |      0|  0|  18|          32|           3|
    |icmp_ln123_fu_470_p2               |   icmp   |      0|  0|  18|          32|           8|
    |icmp_ln132_fu_540_p2               |   icmp   |      0|  0|  18|          32|           2|
    |icmp_ln135_fu_557_p2               |   icmp   |      0|  0|  18|          32|           2|
    |icmp_ln138_fu_568_p2               |   icmp   |      0|  0|  18|          32|           2|
    |icmp_ln141_fu_588_p2               |   icmp   |      0|  0|  18|          32|           4|
    |icmp_ln144_fu_608_p2               |   icmp   |      0|  0|  18|          32|           4|
    |icmp_ln153_2_fu_636_p2             |   icmp   |      0|  0|  18|          32|           4|
    |icmp_ln153_fu_630_p2               |   icmp   |      0|  0|  18|          32|           5|
    |icmp_ln160_fu_374_p2               |   icmp   |      0|  0|  18|          32|           5|
    |icmp_ln165_fu_814_p2               |   icmp   |      0|  0|  18|          32|           3|
    |icmp_ln172_fu_693_p2               |   icmp   |      0|  0|  18|          32|           8|
    |ap_block_pp0_stage0_01001          |    or    |      0|  0|   2|           1|           1|
    |ap_block_state1                    |    or    |      0|  0|   2|           1|           1|
    |ap_block_state8_pp0_stage0_iter1   |    or    |      0|  0|   2|           1|           1|
    |current_block_write_26_fu_864_p3   |  select  |      0|  0|  32|           1|           1|
    |current_block_write_28_fu_820_p3   |  select  |      0|  0|  32|           1|           1|
    |current_block_write_29_fu_828_p3   |  select  |      0|  0|  32|           1|          32|
    |i_fu_745_p3                        |  select  |      0|  0|  12|           1|           1|
    |read_block_11_fu_662_p3            |  select  |      0|  0|   4|           1|           4|
    |select_ln105_fu_448_p3             |  select  |      0|  0|  32|           1|           1|
    |select_ln144_2_fu_782_p3           |  select  |      0|  0|  32|           1|           1|
    |select_ln144_fu_614_p3             |  select  |      0|  0|  32|           1|           1|
    |select_ln160_fu_654_p3             |  select  |      0|  0|  32|           1|           1|
    |select_ln172_fu_699_p3             |  select  |      0|  0|  32|           1|           1|
    |ap_enable_pp0                      |    xor   |      0|  0|   2|           1|           2|
    |ap_enable_reg_pp0_iter1            |    xor   |      0|  0|   2|           2|           1|
    +-----------------------------------+----------+-------+---+----+------------+------------+
    |Total                              |          |      0|  0|1221|         954|         329|
    +-----------------------------------+----------+-------+---+----+------------+------------+

    * Multiplexer: 
    +---------------------------------+----+-----------+-----+-----------+
    |               Name              | LUT| Input Size| Bits| Total Bits|
    +---------------------------------+----+-----------+-----+-----------+
    |ap_NS_fsm                        |  44|          9|    1|          9|
    |ap_done                          |   9|          2|    1|          2|
    |ap_enable_reg_pp0_iter1          |   9|          2|    1|          2|
    |ap_enable_reg_pp0_iter2          |   9|          2|    1|          2|
    |ap_sig_allocacmp_ofm_y_1_i_load  |   9|          2|   32|         64|
    |count_simd_5_fu_120              |   9|          2|   32|         64|
    |counter_internal_blo_fu_132      |   9|          2|   32|         64|
    |current_block_write_25_fu_124    |  15|          3|   32|         96|
    |current_line_10_fu_128           |  15|          3|   32|         96|
    |i_0_i_reg_314                    |   9|          2|   12|         24|
    |in_V_V_blk_n                     |   9|          2|    1|          2|
    |indvar_flatten_reg_303           |   9|          2|   44|         88|
    |inp_5_fu_112                     |  15|          3|   32|         96|
    |inputBuf_0_V_address1            |  15|          3|    5|         15|
    |inputBuf_1_V_address1            |  15|          3|    5|         15|
    |inputBuf_2_V_address1            |  15|          3|    5|         15|
    |inputBuf_3_V_address1            |  15|          3|    5|         15|
    |k_x_5_fu_116                     |   9|          2|   32|         64|
    |k_y_5_fu_108                     |   9|          2|   32|         64|
    |numReps_blk_n                    |   9|          2|    1|          2|
    |numReps_out_blk_n                |   9|          2|    1|          2|
    |ofm_x_5_fu_104                   |   9|          2|   32|         64|
    |ofm_y_1_i_fu_100                 |   9|          2|   32|         64|
    |out_V_V_blk_n                    |   9|          2|    1|          2|
    |read_block_10_fu_96              |  21|          4|   32|        128|
    +---------------------------------+----+-----------+-----+-----------+
    |Total                            | 314|         66|  436|       1059|
    +---------------------------------+----+-----------+-----+-----------+

    * Register: 
    +----------------------------------+----+----+-----+-----------+
    |               Name               | FF | LUT| Bits| Const Bits|
    +----------------------------------+----+----+-----+-----------+
    |and_ln153_reg_1042                |   1|   0|    1|          0|
    |ap_CS_fsm                         |   8|   0|    8|          0|
    |ap_done_reg                       |   1|   0|    1|          0|
    |ap_enable_reg_pp0_iter0           |   1|   0|    1|          0|
    |ap_enable_reg_pp0_iter1           |   1|   0|    1|          0|
    |ap_enable_reg_pp0_iter2           |   1|   0|    1|          0|
    |bound_reg_969                     |  44|   0|   44|          0|
    |count_simd_5_fu_120               |  32|   0|   32|          0|
    |counter_internal_blo_fu_132       |  32|   0|   32|          0|
    |current_block_write_25_fu_124     |  32|   0|   32|          0|
    |current_line_10_fu_128            |  32|   0|   32|          0|
    |i_0_i_reg_314                     |  12|   0|   12|          0|
    |icmp_ln107_reg_983                |   1|   0|    1|          0|
    |icmp_ln107_reg_983_pp0_iter1_reg  |   1|   0|    1|          0|
    |icmp_ln113_reg_1051               |   1|   0|    1|          0|
    |icmp_ln123_reg_987                |   1|   0|    1|          0|
    |icmp_ln123_reg_987_pp0_iter1_reg  |   1|   0|    1|          0|
    |icmp_ln132_reg_1016               |   1|   0|    1|          0|
    |icmp_ln135_reg_1020               |   1|   0|    1|          0|
    |icmp_ln138_reg_1024               |   1|   0|    1|          0|
    |icmp_ln141_reg_1028               |   1|   0|    1|          0|
    |icmp_ln144_reg_1037               |   1|   0|    1|          0|
    |icmp_ln160_reg_1046               |   1|   0|    1|          0|
    |indvar_flatten_reg_303            |  44|   0|   44|          0|
    |inp_5_fu_112                      |  32|   0|   32|          0|
    |k_x_5_fu_116                      |  32|   0|   32|          0|
    |k_y_5_fu_108                      |  32|   0|   32|          0|
    |numReps_read_reg_959              |  32|   0|   32|          0|
    |ofm_x_5_fu_104                    |  32|   0|   32|          0|
    |ofm_y_1_i_fu_100                  |  32|   0|   32|          0|
    |ofm_y_reg_1032                    |  32|   0|   32|          0|
    |outElem_V_reg_1060                |  32|   0|   32|          0|
    |read_block_10_fu_96               |  32|   0|   32|          0|
    |reg_392                           |  32|   0|   32|          0|
    |trunc_ln124_reg_991               |   2|   0|    2|          0|
    +----------------------------------+----+----+-----+-----------+
    |Total                             | 574|   0|  574|          0|
    +----------------------------------+----+----+-----+-----------+



================================================================
== Interface
================================================================
* Summary: 
+--------------------+-----+-----+------------+------------------------+--------------+
|      RTL Ports     | Dir | Bits|  Protocol  |      Source Object     |    C Type    |
+--------------------+-----+-----+------------+------------------------+--------------+
|ap_clk              |  in |    1| ap_ctrl_hs | ConvolutionInputGene.1 | return value |
|ap_rst              |  in |    1| ap_ctrl_hs | ConvolutionInputGene.1 | return value |
|ap_start            |  in |    1| ap_ctrl_hs | ConvolutionInputGene.1 | return value |
|ap_done             | out |    1| ap_ctrl_hs | ConvolutionInputGene.1 | return value |
|ap_continue         |  in |    1| ap_ctrl_hs | ConvolutionInputGene.1 | return value |
|ap_idle             | out |    1| ap_ctrl_hs | ConvolutionInputGene.1 | return value |
|ap_ready            | out |    1| ap_ctrl_hs | ConvolutionInputGene.1 | return value |
|in_V_V_dout         |  in |   32|   ap_fifo  |         in_V_V         |    pointer   |
|in_V_V_empty_n      |  in |    1|   ap_fifo  |         in_V_V         |    pointer   |
|in_V_V_read         | out |    1|   ap_fifo  |         in_V_V         |    pointer   |
|out_V_V_din         | out |   32|   ap_fifo  |         out_V_V        |    pointer   |
|out_V_V_full_n      |  in |    1|   ap_fifo  |         out_V_V        |    pointer   |
|out_V_V_write       | out |    1|   ap_fifo  |         out_V_V        |    pointer   |
|numReps_dout        |  in |   32|   ap_fifo  |         numReps        |    pointer   |
|numReps_empty_n     |  in |    1|   ap_fifo  |         numReps        |    pointer   |
|numReps_read        | out |    1|   ap_fifo  |         numReps        |    pointer   |
|numReps_out_din     | out |   32|   ap_fifo  |       numReps_out      |    pointer   |
|numReps_out_full_n  |  in |    1|   ap_fifo  |       numReps_out      |    pointer   |
|numReps_out_write   | out |    1|   ap_fifo  |       numReps_out      |    pointer   |
+--------------------+-----+-----+------------+------------------------+--------------+

