

================================================================
== Vivado HLS Report for 'ConvolutionInputGene_3'
================================================================
* Date:           Sat Apr 25 13:06:31 2020

* Version:        2019.2 (Build 2704478 on Wed Nov 06 22:10:23 MST 2019)
* Project:        cnvW1A1-pynqZ1-Z2
* Solution:       sol1
* Product family: zynq
* Target device:  xc7z020-clg400-1


================================================================
== Performance Estimates
================================================================
+ Timing: 
    * Summary: 
    +--------+---------+----------+------------+
    |  Clock |  Target | Estimated| Uncertainty|
    +--------+---------+----------+------------+
    |ap_clk  | 5.00 ns | 7.879 ns |   0.62 ns  |
    +--------+---------+----------+------------+

+ Latency: 
    * Summary: 
    +---------+---------+----------+----------+-----+-----+---------+
    |  Latency (cycles) |  Latency (absolute) |  Interval | Pipeline|
    |   min   |   max   |    min   |    max   | min | max |   Type  |
    +---------+---------+----------+----------+-----+-----+---------+
    |        ?|        ?|         ?|         ?|    ?|    ?|   none  |
    +---------+---------+----------+----------+-----+-----+---------+

    + Detail: 
        * Instance: 
        N/A

        * Loop: 
        +----------+---------+---------+----------+-----------+-----------+------+----------+
        |          |  Latency (cycles) | Iteration|  Initiation Interval  | Trip |          |
        | Loop Name|   min   |   max   |  Latency |  achieved |   target  | Count| Pipelined|
        +----------+---------+---------+----------+-----------+-----------+------+----------+
        |- Loop 1  |        ?|        ?|         3|          1|          1|     ?|    yes   |
        +----------+---------+---------+----------+-----------+-----------+------+----------+



================================================================
== Utilization Estimates
================================================================
* Summary: 
+-----------------+---------+-------+--------+-------+-----+
|       Name      | BRAM_18K| DSP48E|   FF   |  LUT  | URAM|
+-----------------+---------+-------+--------+-------+-----+
|DSP              |        -|      -|       -|      -|    -|
|Expression       |        -|      -|       0|   1251|    -|
|FIFO             |        -|      -|       -|      -|    -|
|Instance         |        -|      -|    8838|   2697|    -|
|Memory           |        0|      -|     256|     48|    0|
|Multiplexer      |        -|      -|       -|    297|    -|
|Register         |        -|      -|     553|      -|    -|
+-----------------+---------+-------+--------+-------+-----+
|Total            |        0|      0|    9647|   4293|    0|
+-----------------+---------+-------+--------+-------+-----+
|Available        |      280|    220|  106400|  53200|    0|
+-----------------+---------+-------+--------+-------+-----+
|Utilization (%)  |        0|      0|       9|      8|    0|
+-----------------+---------+-------+--------+-------+-----+

+ Detail: 
    * Instance: 
    +---------------------------+----------------------+---------+-------+------+------+-----+
    |          Instance         |        Module        | BRAM_18K| DSP48E|  FF  |  LUT | URAM|
    +---------------------------+----------------------+---------+-------+------+------+-----+
    |BlackBoxJam_mux_4pcA_U339  |BlackBoxJam_mux_4pcA  |        0|      0|  8838|  2697|    0|
    +---------------------------+----------------------+---------+-------+------+------+-----+
    |Total                      |                      |        0|      0|  8838|  2697|    0|
    +---------------------------+----------------------+---------+-------+------+------+-----+

    * DSP48E: 
    N/A

    * Memory: 
    +----------------+----------------------+---------+----+----+-----+------+-----+------+-------------+
    |     Memory     |        Module        | BRAM_18K| FF | LUT| URAM| Words| Bits| Banks| W*Bits*Banks|
    +----------------+----------------------+---------+----+----+-----+------+-----+------+-------------+
    |inputBuf_0_V_U  |ConvolutionInputGJfO  |        0|  64|  12|    0|    24|   32|     1|          768|
    |inputBuf_1_V_U  |ConvolutionInputGJfO  |        0|  64|  12|    0|    24|   32|     1|          768|
    |inputBuf_2_V_U  |ConvolutionInputGJfO  |        0|  64|  12|    0|    24|   32|     1|          768|
    |inputBuf_3_V_U  |ConvolutionInputGJfO  |        0|  64|  12|    0|    24|   32|     1|          768|
    +----------------+----------------------+---------+----+----+-----+------+-----+------+-------------+
    |Total           |                      |        0| 256|  48|    0|    96|  128|     4|         3072|
    +----------------+----------------------+---------+----+----+-----+------+-----+------+-------------+

    * FIFO: 
    N/A

    * Expression: 
    +-----------------------------------+----------+-------+---+----+------------+------------+
    |           Variable Name           | Operation| DSP48E| FF| LUT| Bitwidth P0| Bitwidth P1|
    +-----------------------------------+----------+-------+---+----+------------+------------+
    |add_ln104_fu_451_p2                |     +    |      0|  0|  47|          40|           1|
    |add_ln105_fu_768_p2                |     +    |      0|  0|  15|           8|           1|
    |add_ln128_fu_527_p2                |     +    |      0|  0|  36|          29|          29|
    |add_ln129_3_fu_786_p2              |     +    |      0|  0|  16|           1|           2|
    |add_ln163_fu_677_p2                |     +    |      0|  0|  10|           2|           1|
    |bound_fu_440_p2                    |     +    |      0|  0|  47|          40|          40|
    |count_simd_fu_555_p2               |     +    |      0|  0|  39|           1|          32|
    |counter_internal_blo_12_fu_716_p2  |     +    |      0|  0|  39|          32|           1|
    |current_block_write_17_fu_830_p2   |     +    |      0|  0|  39|          32|           1|
    |current_block_write_fu_874_p2      |     +    |      0|  0|  39|          32|           1|
    |current_line_in_bloc_fu_541_p2     |     +    |      0|  0|  39|          32|          32|
    |grp_fu_370_p2                      |     +    |      0|  0|  39|          32|           1|
    |inp_fu_741_p2                      |     +    |      0|  0|  39|          32|           1|
    |k_x_fu_572_p2                      |     +    |      0|  0|  39|          32|           1|
    |k_y_fu_513_p2                      |     +    |      0|  0|  39|           1|          32|
    |ofm_x_fu_603_p2                    |     +    |      0|  0|  39|          32|           1|
    |ofm_y_fu_623_p2                    |     +    |      0|  0|  39|          32|           1|
    |outElem_V_fu_797_p5                |     +    |      0|  0|  16|           2|           2|
    |read_block_fu_757_p2               |     +    |      0|  0|  39|          32|           1|
    |and_ln153_fu_671_p2                |    and   |      0|  0|   2|           1|           1|
    |ap_block_pp0                       |    and   |      0|  0|   2|           1|           1|
    |ap_block_state5_pp0_stage0_iter2   |    and   |      0|  0|   2|           1|           1|
    |ap_condition_412                   |    and   |      0|  0|   2|           1|           1|
    |ap_condition_424                   |    and   |      0|  0|   2|           1|           1|
    |ap_condition_435                   |    and   |      0|  0|   2|           1|           1|
    |ap_condition_446                   |    and   |      0|  0|   2|           1|           1|
    |ap_condition_55                    |    and   |      0|  0|   2|           1|           1|
    |ap_enable_state3_pp0_iter0_stage0  |    and   |      0|  0|   2|           1|           1|
    |ap_enable_state4_pp0_iter1_stage0  |    and   |      0|  0|   2|           1|           1|
    |ap_predicate_op163_load_state4     |    and   |      0|  0|   2|           1|           1|
    |ap_predicate_op172_read_state4     |    and   |      0|  0|   2|           1|           1|
    |ap_predicate_op207_store_state4    |    and   |      0|  0|   2|           1|           1|
    |ap_predicate_op209_store_state4    |    and   |      0|  0|   2|           1|           1|
    |ap_predicate_op211_store_state4    |    and   |      0|  0|   2|           1|           1|
    |ap_predicate_op213_store_state4    |    and   |      0|  0|   2|           1|           1|
    |ap_predicate_op221_write_state5    |    and   |      0|  0|   2|           1|           1|
    |ap_predicate_op74_load_state3      |    and   |      0|  0|   2|           1|           1|
    |icmp_ln104_fu_446_p2               |   icmp   |      0|  0|  21|          40|          40|
    |icmp_ln105_fu_463_p2               |   icmp   |      0|  0|  11|           8|           8|
    |icmp_ln107_fu_482_p2               |   icmp   |      0|  0|  18|          32|           7|
    |icmp_ln113_fu_382_p2               |   icmp   |      0|  0|  18|          32|           5|
    |icmp_ln116_fu_880_p2               |   icmp   |      0|  0|  18|          32|           3|
    |icmp_ln123_fu_491_p2               |   icmp   |      0|  0|  18|          32|           7|
    |icmp_ln132_fu_561_p2               |   icmp   |      0|  0|  18|          32|           4|
    |icmp_ln135_fu_578_p2               |   icmp   |      0|  0|  18|          32|           2|
    |icmp_ln138_fu_589_p2               |   icmp   |      0|  0|  18|          32|           2|
    |icmp_ln141_fu_609_p2               |   icmp   |      0|  0|  18|          32|           1|
    |icmp_ln144_fu_629_p2               |   icmp   |      0|  0|  18|          32|           1|
    |icmp_ln153_3_fu_665_p2             |   icmp   |      0|  0|  18|          32|           2|
    |icmp_ln153_fu_659_p2               |   icmp   |      0|  0|  18|          32|           5|
    |icmp_ln160_fu_376_p2               |   icmp   |      0|  0|  18|          32|           5|
    |icmp_ln165_fu_836_p2               |   icmp   |      0|  0|  18|          32|           3|
    |icmp_ln172_fu_722_p2               |   icmp   |      0|  0|  18|          32|           7|
    |ap_block_pp0_stage0_01001          |    or    |      0|  0|   2|           1|           1|
    |ap_block_state1                    |    or    |      0|  0|   2|           1|           1|
    |ap_block_state4_pp0_stage0_iter1   |    or    |      0|  0|   2|           1|           1|
    |current_block_write_16_fu_886_p3   |  select  |      0|  0|  32|           1|           1|
    |current_block_write_18_fu_842_p3   |  select  |      0|  0|  32|           1|           1|
    |current_block_write_19_fu_850_p3   |  select  |      0|  0|  32|           1|          32|
    |i_fu_774_p3                        |  select  |      0|  0|   8|           1|           1|
    |read_block_7_fu_691_p3             |  select  |      0|  0|   2|           1|           2|
    |select_ln105_fu_469_p3             |  select  |      0|  0|  32|           1|           1|
    |select_ln144_3_fu_643_p3           |  select  |      0|  0|  32|           1|           1|
    |select_ln144_fu_635_p3             |  select  |      0|  0|  32|           1|           1|
    |select_ln160_fu_683_p3             |  select  |      0|  0|  32|           1|           1|
    |select_ln172_fu_728_p3             |  select  |      0|  0|  32|           1|           1|
    |ap_enable_pp0                      |    xor   |      0|  0|   2|           1|           2|
    |ap_enable_reg_pp0_iter1            |    xor   |      0|  0|   2|           2|           1|
    +-----------------------------------+----------+-------+---+----+------------+------------+
    |Total                              |          |      0|  0|1251|         974|         349|
    +-----------------------------------+----------+-------+---+----+------------+------------+

    * Multiplexer: 
    +---------------------------------+----+-----------+-----+-----------+
    |               Name              | LUT| Input Size| Bits| Total Bits|
    +---------------------------------+----+-----------+-----+-----------+
    |ap_NS_fsm                        |  27|          5|    1|          5|
    |ap_done                          |   9|          2|    1|          2|
    |ap_enable_reg_pp0_iter1          |   9|          2|    1|          2|
    |ap_enable_reg_pp0_iter2          |   9|          2|    1|          2|
    |ap_sig_allocacmp_ofm_y_1_i_load  |   9|          2|   32|         64|
    |count_simd_3_fu_122              |   9|          2|   32|         64|
    |counter_internal_blo_fu_134      |   9|          2|   32|         64|
    |current_block_write_15_fu_126    |  15|          3|   32|         96|
    |current_line_6_fu_130            |  15|          3|   32|         96|
    |i_0_i_reg_316                    |   9|          2|    8|         16|
    |in_V_V_blk_n                     |   9|          2|    1|          2|
    |indvar_flatten_reg_305           |   9|          2|   40|         80|
    |inp_3_fu_114                     |  15|          3|   32|         96|
    |inputBuf_0_V_address1            |  15|          3|    5|         15|
    |inputBuf_1_V_address1            |  15|          3|    5|         15|
    |inputBuf_2_V_address1            |  15|          3|    5|         15|
    |inputBuf_3_V_address1            |  15|          3|    5|         15|
    |k_x_3_fu_118                     |   9|          2|   32|         64|
    |k_y_3_fu_110                     |   9|          2|   32|         64|
    |numReps_blk_n                    |   9|          2|    1|          2|
    |numReps_out_blk_n                |   9|          2|    1|          2|
    |ofm_x_3_fu_106                   |   9|          2|   32|         64|
    |ofm_y_1_i_fu_102                 |   9|          2|   32|         64|
    |out_V_V_blk_n                    |   9|          2|    1|          2|
    |read_block_6_fu_98               |  21|          4|   32|        128|
    +---------------------------------+----+-----------+-----+-----------+
    |Total                            | 297|         62|  428|       1039|
    +---------------------------------+----+-----------+-----+-----------+

    * Register: 
    +-----------------------------------+----+----+-----+-----------+
    |                Name               | FF | LUT| Bits| Const Bits|
    +-----------------------------------+----+----+-----+-----------+
    |and_ln153_reg_1055                 |   1|   0|    1|          0|
    |ap_CS_fsm                          |   4|   0|    4|          0|
    |ap_done_reg                        |   1|   0|    1|          0|
    |ap_enable_reg_pp0_iter0            |   1|   0|    1|          0|
    |ap_enable_reg_pp0_iter1            |   1|   0|    1|          0|
    |ap_enable_reg_pp0_iter2            |   1|   0|    1|          0|
    |bound_reg_987                      |  36|   0|   40|          4|
    |count_simd_3_fu_122                |  32|   0|   32|          0|
    |counter_internal_blo_fu_134        |  32|   0|   32|          0|
    |current_block_write_15_fu_126      |  32|   0|   32|          0|
    |current_line_6_fu_130              |  32|   0|   32|          0|
    |i_0_i_reg_316                      |   8|   0|    8|          0|
    |icmp_ln107_reg_1001                |   1|   0|    1|          0|
    |icmp_ln107_reg_1001_pp0_iter1_reg  |   1|   0|    1|          0|
    |icmp_ln113_reg_1064                |   1|   0|    1|          0|
    |icmp_ln123_reg_1005                |   1|   0|    1|          0|
    |icmp_ln123_reg_1005_pp0_iter1_reg  |   1|   0|    1|          0|
    |icmp_ln132_reg_1034                |   1|   0|    1|          0|
    |icmp_ln135_reg_1038                |   1|   0|    1|          0|
    |icmp_ln138_reg_1042                |   1|   0|    1|          0|
    |icmp_ln141_reg_1046                |   1|   0|    1|          0|
    |icmp_ln160_reg_1059                |   1|   0|    1|          0|
    |indvar_flatten_reg_305             |  40|   0|   40|          0|
    |inp_3_fu_114                       |  32|   0|   32|          0|
    |k_x_3_fu_118                       |  32|   0|   32|          0|
    |k_y_3_fu_110                       |  32|   0|   32|          0|
    |numReps_read_reg_981               |  32|   0|   32|          0|
    |ofm_x_3_fu_106                     |  32|   0|   32|          0|
    |ofm_y_1_i_fu_102                   |  32|   0|   32|          0|
    |outElem_V_reg_1073                 |  32|   0|   32|          0|
    |read_block_6_fu_98                 |  32|   0|   32|          0|
    |reg_394                            |  32|   0|   32|          0|
    |select_ln144_3_reg_1050            |  32|   0|   32|          0|
    |trunc_ln124_reg_1009               |   2|   0|    2|          0|
    +-----------------------------------+----+----+-----+-----------+
    |Total                              | 553|   0|  557|          4|
    +-----------------------------------+----+----+-----+-----------+



================================================================
== Interface
================================================================
* Summary: 
+--------------------+-----+-----+------------+------------------------+--------------+
|      RTL Ports     | Dir | Bits|  Protocol  |      Source Object     |    C Type    |
+--------------------+-----+-----+------------+------------------------+--------------+
|ap_clk              |  in |    1| ap_ctrl_hs | ConvolutionInputGene.3 | return value |
|ap_rst              |  in |    1| ap_ctrl_hs | ConvolutionInputGene.3 | return value |
|ap_start            |  in |    1| ap_ctrl_hs | ConvolutionInputGene.3 | return value |
|ap_done             | out |    1| ap_ctrl_hs | ConvolutionInputGene.3 | return value |
|ap_continue         |  in |    1| ap_ctrl_hs | ConvolutionInputGene.3 | return value |
|ap_idle             | out |    1| ap_ctrl_hs | ConvolutionInputGene.3 | return value |
|ap_ready            | out |    1| ap_ctrl_hs | ConvolutionInputGene.3 | return value |
|in_V_V_dout         |  in |   32|   ap_fifo  |         in_V_V         |    pointer   |
|in_V_V_empty_n      |  in |    1|   ap_fifo  |         in_V_V         |    pointer   |
|in_V_V_read         | out |    1|   ap_fifo  |         in_V_V         |    pointer   |
|out_V_V_din         | out |   32|   ap_fifo  |         out_V_V        |    pointer   |
|out_V_V_full_n      |  in |    1|   ap_fifo  |         out_V_V        |    pointer   |
|out_V_V_write       | out |    1|   ap_fifo  |         out_V_V        |    pointer   |
|numReps_dout        |  in |   32|   ap_fifo  |         numReps        |    pointer   |
|numReps_empty_n     |  in |    1|   ap_fifo  |         numReps        |    pointer   |
|numReps_read        | out |    1|   ap_fifo  |         numReps        |    pointer   |
|numReps_out_din     | out |   32|   ap_fifo  |       numReps_out      |    pointer   |
|numReps_out_full_n  |  in |    1|   ap_fifo  |       numReps_out      |    pointer   |
|numReps_out_write   | out |    1|   ap_fifo  |       numReps_out      |    pointer   |
+--------------------+-----+-----+------------+------------------------+--------------+

