

================================================================
== Vivado HLS Report for 'StreamingDataWidthCo_13'
================================================================
* Date:           Sat Apr 25 13:04:14 2020

* Version:        2019.2 (Build 2704478 on Wed Nov 06 22:10:23 MST 2019)
* Project:        cnvW1A1-pynqZ1-Z2
* Solution:       sol1
* Product family: zynq
* Target device:  xc7z020-clg400-1


================================================================
== Performance Estimates
================================================================
+ Timing: 
    * Summary: 
    +--------+---------+----------+------------+
    |  Clock |  Target | Estimated| Uncertainty|
    +--------+---------+----------+------------+
    |ap_clk  | 5.00 ns | 5.025 ns |   0.62 ns  |
    +--------+---------+----------+------------+

+ Latency: 
    * Summary: 
    +---------+---------+----------+----------+-----+-----+---------+
    |  Latency (cycles) |  Latency (absolute) |  Interval | Pipeline|
    |   min   |   max   |    min   |    max   | min | max |   Type  |
    +---------+---------+----------+----------+-----+-----+---------+
    |        ?|        ?|         ?|         ?|    ?|    ?|   none  |
    +---------+---------+----------+----------+-----+-----+---------+

    + Detail: 
        * Instance: 
        N/A

        * Loop: 
        +----------+---------+---------+----------+-----------+-----------+------+----------+
        |          |  Latency (cycles) | Iteration|  Initiation Interval  | Trip |          |
        | Loop Name|   min   |   max   |  Latency |  achieved |   target  | Count| Pipelined|
        +----------+---------+---------+----------+-----------+-----------+------+----------+
        |- Loop 1  |        ?|        ?|         2|          1|          1|     ?|    yes   |
        +----------+---------+---------+----------+-----------+-----------+------+----------+



================================================================
== Utilization Estimates
================================================================
* Summary: 
+-----------------+---------+-------+--------+-------+-----+
|       Name      | BRAM_18K| DSP48E|   FF   |  LUT  | URAM|
+-----------------+---------+-------+--------+-------+-----+
|DSP              |        -|      -|       -|      -|    -|
|Expression       |        -|      -|       0|    124|    -|
|FIFO             |        -|      -|       -|      -|    -|
|Instance         |        -|      2|     215|      1|    -|
|Memory           |        -|      -|       -|      -|    -|
|Multiplexer      |        -|      -|       -|    140|    -|
|Register         |        -|      -|     190|      -|    -|
+-----------------+---------+-------+--------+-------+-----+
|Total            |        0|      2|     405|    265|    0|
+-----------------+---------+-------+--------+-------+-----+
|Available        |      280|    220|  106400|  53200|    0|
+-----------------+---------+-------+--------+-------+-----+
|Utilization (%)  |        0|   ~0  |   ~0   |   ~0  |    0|
+-----------------+---------+-------+--------+-------+-----+

+ Detail: 
    * Instance: 
    +--------------------------+----------------------+---------+-------+-----+----+-----+
    |         Instance         |        Module        | BRAM_18K| DSP48E|  FF | LUT| URAM|
    +--------------------------+----------------------+---------+-------+-----+----+-----+
    |BlackBoxJam_mul_3ibs_U81  |BlackBoxJam_mul_3ibs  |        0|      2|  215|   1|    0|
    +--------------------------+----------------------+---------+-------+-----+----+-----+
    |Total                     |                      |        0|      2|  215|   1|    0|
    +--------------------------+----------------------+---------+-------+-----+----+-----+

    * DSP48E: 
    N/A

    * Memory: 
    N/A

    * FIFO: 
    N/A

    * Expression: 
    +----------------------------------+----------+-------+---+----+------------+------------+
    |           Variable Name          | Operation| DSP48E| FF| LUT| Bitwidth P0| Bitwidth P1|
    +----------------------------------+----------+-------+---+----+------------+------------+
    |i_fu_132_p2                       |     +    |      0|  0|  39|          32|           1|
    |t_fu_123_p2                       |     +    |      0|  0|  39|          32|           1|
    |ap_block_pp0_stage0_01001         |    and   |      0|  0|   2|           1|           1|
    |icmp_ln300_fu_118_p2              |   icmp   |      0|  0|  18|          32|          32|
    |icmp_ln309_fu_138_p2              |   icmp   |      0|  0|  18|          32|           3|
    |ap_block_state1                   |    or    |      0|  0|   2|           1|           1|
    |ap_block_state8_pp0_stage0_iter1  |    or    |      0|  0|   2|           1|           1|
    |ap_enable_pp0                     |    xor   |      0|  0|   2|           1|           2|
    |ap_enable_reg_pp0_iter1           |    xor   |      0|  0|   2|           2|           1|
    +----------------------------------+----------+-------+---+----+------------+------------+
    |Total                             |          |      0|  0| 124|         134|          43|
    +----------------------------------+----------+-------+---+----+------------+------------+

    * Multiplexer: 
    +-------------------------+----+-----------+-----+-----------+
    |           Name          | LUT| Input Size| Bits| Total Bits|
    +-------------------------+----+-----------+-----+-----------+
    |ap_NS_fsm                |  44|          9|    1|          9|
    |ap_done                  |   9|          2|    1|          2|
    |ap_enable_reg_pp0_iter1  |  15|          3|    1|          3|
    |i_7_fu_54                |   9|          2|   32|         64|
    |in_V_V_blk_n             |   9|          2|    1|          2|
    |numReps_blk_n            |   9|          2|    1|          2|
    |numReps_out_blk_n        |   9|          2|    1|          2|
    |out_V_V_blk_n            |   9|          2|    1|          2|
    |r_V_reg_85               |   9|          2|   48|         96|
    |real_start               |   9|          2|    1|          2|
    |t_0_i_reg_97             |   9|          2|   32|         64|
    +-------------------------+----+-----------+-----+-----------+
    |Total                    | 140|         30|  120|        248|
    +-------------------------+----+-----------+-----+-----------+

    * Register: 
    +-------------------------+----+----+-----+-----------+
    |           Name          | FF | LUT| Bits| Const Bits|
    +-------------------------+----+----+-----+-----------+
    |ap_CS_fsm                |   8|   0|    8|          0|
    |ap_done_reg              |   1|   0|    1|          0|
    |ap_enable_reg_pp0_iter0  |   1|   0|    1|          0|
    |ap_enable_reg_pp0_iter1  |   1|   0|    1|          0|
    |i_7_fu_54                |  32|   0|   32|          0|
    |icmp_ln300_reg_193       |   1|   0|    1|          0|
    |icmp_ln309_reg_202       |   1|   0|    1|          0|
    |numReps_read_reg_183     |  32|   0|   32|          0|
    |r_V_reg_85               |  48|   0|   48|          0|
    |start_once_reg           |   1|   0|    1|          0|
    |t_0_i_reg_97             |  32|   0|   32|          0|
    |totalIters_reg_188       |  32|   0|   32|          0|
    +-------------------------+----+----+-----+-----------+
    |Total                    | 190|   0|  190|          0|
    +-------------------------+----+----+-----+-----------+



================================================================
== Interface
================================================================
* Summary: 
+--------------------+-----+-----+------------+-------------------------+--------------+
|      RTL Ports     | Dir | Bits|  Protocol  |      Source Object      |    C Type    |
+--------------------+-----+-----+------------+-------------------------+--------------+
|ap_clk              |  in |    1| ap_ctrl_hs | StreamingDataWidthCo.13 | return value |
|ap_rst              |  in |    1| ap_ctrl_hs | StreamingDataWidthCo.13 | return value |
|ap_start            |  in |    1| ap_ctrl_hs | StreamingDataWidthCo.13 | return value |
|start_full_n        |  in |    1| ap_ctrl_hs | StreamingDataWidthCo.13 | return value |
|ap_done             | out |    1| ap_ctrl_hs | StreamingDataWidthCo.13 | return value |
|ap_continue         |  in |    1| ap_ctrl_hs | StreamingDataWidthCo.13 | return value |
|ap_idle             | out |    1| ap_ctrl_hs | StreamingDataWidthCo.13 | return value |
|ap_ready            | out |    1| ap_ctrl_hs | StreamingDataWidthCo.13 | return value |
|start_out           | out |    1| ap_ctrl_hs | StreamingDataWidthCo.13 | return value |
|start_write         | out |    1| ap_ctrl_hs | StreamingDataWidthCo.13 | return value |
|in_V_V_dout         |  in |   16|   ap_fifo  |          in_V_V         |    pointer   |
|in_V_V_empty_n      |  in |    1|   ap_fifo  |          in_V_V         |    pointer   |
|in_V_V_read         | out |    1|   ap_fifo  |          in_V_V         |    pointer   |
|out_V_V_din         | out |   64|   ap_fifo  |         out_V_V         |    pointer   |
|out_V_V_full_n      |  in |    1|   ap_fifo  |         out_V_V         |    pointer   |
|out_V_V_write       | out |    1|   ap_fifo  |         out_V_V         |    pointer   |
|numReps_dout        |  in |   32|   ap_fifo  |         numReps         |    pointer   |
|numReps_empty_n     |  in |    1|   ap_fifo  |         numReps         |    pointer   |
|numReps_read        | out |    1|   ap_fifo  |         numReps         |    pointer   |
|numReps_out_din     | out |   32|   ap_fifo  |       numReps_out       |    pointer   |
|numReps_out_full_n  |  in |    1|   ap_fifo  |       numReps_out       |    pointer   |
|numReps_out_write   | out |    1|   ap_fifo  |       numReps_out       |    pointer   |
+--------------------+-----+-----+------------+-------------------------+--------------+

